2020-10-17 10:32:53,577 [4] INFO  JwtAuthenticationApi.Controllers.AuthenticationController [(null)] - entering AuthenticateUser
2020-10-17 10:32:55,383 [4] INFO  JwtAuthenticationApi.Controllers.AuthenticationController [(null)] - user authorized
2020-10-17 10:39:46,592 [4] INFO  AuthenticationApi.Controllers.AuthenticationController [(null)] - entering AuthenticateUser
2020-10-17 10:39:47,793 [4] INFO  AuthenticationApi.Controllers.AuthenticationController [(null)] - user authorized
2020-10-18 18:15:09,993 [12] INFO  AuthenticationApi.Controllers.AuthenticationController [(null)] - entering AuthenticateUser
2020-10-18 18:15:12,085 [12] INFO  AuthenticationApi.Controllers.AuthenticationController [(null)] - user authorized
2020-10-18 18:29:39,733 [17] INFO  AuthenticationApi.Controllers.AuthenticationController [(null)] - entering AuthenticateUser
2020-10-18 18:29:41,746 [17] INFO  AuthenticationApi.Controllers.AuthenticationController [(null)] - user authorized
2020-10-18 19:16:07,478 [10] INFO  AuthenticationApi.Controllers.AuthenticationController [(null)] - entering AuthenticateUser
2020-10-18 19:16:07,881 [10] INFO  AuthenticationApi.Controllers.AuthenticationController [(null)] - user authorized
2020-10-19 07:41:58,646 [14] INFO  AuthenticationApi.Controllers.AuthenticationController [(null)] - entering AuthenticateUser
2020-10-19 07:42:00,445 [14] INFO  AuthenticationApi.Controllers.AuthenticationController [(null)] - user authorized
2020-10-19 14:48:37,832 [4] INFO  AuthenticationApi.Controllers.AuthenticationController [(null)] - entering AuthenticateUser
2020-10-19 14:48:52,507 [4] INFO  AuthenticationApi.Controllers.AuthenticationController [(null)] - user authorized
2020-10-19 14:56:35,243 [15] INFO  AuthenticationApi.Controllers.AuthenticationController [(null)] - entering AuthenticateUser
2020-10-19 14:56:35,393 [15] INFO  AuthenticationApi.Controllers.AuthenticationController [(null)] - user unauthorized
2020-10-19 14:56:49,921 [15] INFO  AuthenticationApi.Controllers.AuthenticationController [(null)] - entering AuthenticateUser
2020-10-19 14:56:49,976 [15] INFO  AuthenticationApi.Controllers.AuthenticationController [(null)] - user authorized
2020-10-19 15:07:36,451 [17] INFO  AuthenticationApi.Controllers.AuthenticationController [(null)] - entering AuthenticateUser
2020-10-19 15:07:36,468 [17] INFO  AuthenticationApi.Controllers.AuthenticationController [(null)] - user unauthorized
2020-10-19 15:08:26,276 [23] INFO  AuthenticationApi.Controllers.AuthenticationController [(null)] - entering AuthenticateUser
2020-10-19 15:08:26,287 [23] INFO  AuthenticationApi.Controllers.AuthenticationController [(null)] - user authorized
2020-10-19 15:10:46,177 [26] INFO  AuthenticationApi.Controllers.AuthenticationController [(null)] - entering AuthenticateUser
2020-10-19 15:10:46,187 [26] INFO  AuthenticationApi.Controllers.AuthenticationController [(null)] - user authorized
2020-10-19 15:10:57,000 [25] INFO  AuthenticationApi.Controllers.AuthenticationController [(null)] - entering AuthenticateUser
2020-10-19 15:10:57,041 [25] INFO  AuthenticationApi.Controllers.AuthenticationController [(null)] - user unauthorized
2020-10-19 15:10:58,345 [26] INFO  AuthenticationApi.Controllers.AuthenticationController [(null)] - entering AuthenticateUser
2020-10-19 15:10:58,355 [26] INFO  AuthenticationApi.Controllers.AuthenticationController [(null)] - user unauthorized
2020-10-19 15:19:04,577 [7] INFO  AuthenticationApi.Controllers.AuthenticationController [(null)] - entering AuthenticateUser
2020-10-19 15:19:04,606 [7] INFO  AuthenticationApi.Controllers.AuthenticationController [(null)] - user authorized
2020-10-19 15:21:03,068 [29] INFO  AuthenticationApi.Controllers.AuthenticationController [(null)] - entering AuthenticateUser
2020-10-19 15:21:03,078 [29] INFO  AuthenticationApi.Controllers.AuthenticationController [(null)] - user authorized
2020-10-19 16:55:46,567 [23] INFO  AuthenticationApi.Controllers.AuthenticationController [(null)] - entering AuthenticateUser
2020-10-19 16:55:47,280 [23] INFO  AuthenticationApi.Controllers.AuthenticationController [(null)] - user authorized
2020-10-20 08:29:35,971 [12] INFO  AuthenticationApi.Controllers.AuthenticationController [(null)] - entering AuthenticateUser
2020-10-20 08:29:38,358 [12] INFO  AuthenticationApi.Controllers.AuthenticationController [(null)] - user authorized
2020-10-20 08:30:47,831 [10] INFO  AuthenticationApi.Controllers.AuthenticationController [(null)] - entering AuthenticateUser
2020-10-20 08:30:47,845 [10] INFO  AuthenticationApi.Controllers.AuthenticationController [(null)] - user authorized
2020-10-20 13:39:51,297 [1] INFO  Microsoft.Hosting.Lifetime [(null)] - Application started. Press Ctrl+C to shut down.
2020-10-20 13:39:51,342 [1] INFO  Microsoft.Hosting.Lifetime [(null)] - Application started. Press Ctrl+C to shut down.
2020-10-20 13:39:51,346 [1] INFO  Microsoft.Hosting.Lifetime [(null)] - Hosting environment: Development
2020-10-20 13:39:51,346 [1] INFO  Microsoft.Hosting.Lifetime [(null)] - Hosting environment: Development
2020-10-20 13:39:51,348 [1] INFO  Microsoft.Hosting.Lifetime [(null)] - Content root path: D:\course\New folder\JwtAuthenticationApi\JwtAuthenticationApi
2020-10-20 13:39:51,349 [1] INFO  Microsoft.Hosting.Lifetime [(null)] - Content root path: D:\course\New folder\JwtAuthenticationApi\JwtAuthenticationApi
2020-10-20 13:40:24,795 [4] INFO  JwtAuthenticationApi.Controllers.AuthenticationController [(null)] -  Http Authentication request Initiated
2020-10-20 13:42:16,086 [1] INFO  Microsoft.Hosting.Lifetime [(null)] - Application started. Press Ctrl+C to shut down.
2020-10-20 13:42:16,126 [1] INFO  Microsoft.Hosting.Lifetime [(null)] - Application started. Press Ctrl+C to shut down.
2020-10-20 13:42:16,130 [1] INFO  Microsoft.Hosting.Lifetime [(null)] - Hosting environment: Development
2020-10-20 13:42:16,130 [1] INFO  Microsoft.Hosting.Lifetime [(null)] - Hosting environment: Development
2020-10-20 13:42:16,135 [1] INFO  Microsoft.Hosting.Lifetime [(null)] - Content root path: D:\course\New folder\JwtAuthenticationApi\JwtAuthenticationApi
2020-10-20 13:42:16,136 [1] INFO  Microsoft.Hosting.Lifetime [(null)] - Content root path: D:\course\New folder\JwtAuthenticationApi\JwtAuthenticationApi
2020-10-20 13:42:39,786 [10] INFO  JwtAuthenticationApi.Controllers.AuthenticationController [(null)] -  Http Authentication request Initiated
2020-10-20 13:43:43,480 [18] INFO  JwtAuthenticationApi.Controllers.AuthenticationController [(null)] -  Http Authentication request Initiated
2020-10-20 14:00:02,562 [1] INFO  Microsoft.Hosting.Lifetime [(null)] - Application started. Press Ctrl+C to shut down.
2020-10-20 14:00:02,699 [1] INFO  Microsoft.Hosting.Lifetime [(null)] - Application started. Press Ctrl+C to shut down.
2020-10-20 14:00:02,702 [1] INFO  Microsoft.Hosting.Lifetime [(null)] - Hosting environment: Development
2020-10-20 14:00:02,702 [1] INFO  Microsoft.Hosting.Lifetime [(null)] - Hosting environment: Development
2020-10-20 14:00:02,704 [1] INFO  Microsoft.Hosting.Lifetime [(null)] - Content root path: D:\course\New folder\JwtAuthenticationApi\JwtAuthenticationApi
2020-10-20 14:00:02,704 [1] INFO  Microsoft.Hosting.Lifetime [(null)] - Content root path: D:\course\New folder\JwtAuthenticationApi\JwtAuthenticationApi
2020-10-20 14:03:02,423 [16] INFO  JwtAuthenticationApi.Controllers.AuthenticationController [(null)] -  Http Authentication request Initiated
2020-10-20 14:04:14,819 [10] INFO  JwtAuthenticationApi.Controllers.AuthenticationController [(null)] -  Http Authentication request Initiated
2020-10-20 14:04:54,117 [4] INFO  JwtAuthenticationApi.Controllers.AuthenticationController [(null)] -  Http Authentication request Initiated
2020-10-20 14:10:15,137 [14] INFO  JwtAuthenticationApi.Controllers.AuthenticationController [(null)] -  Http Authentication request Initiated
2020-10-20 14:12:04,805 [18] INFO  JwtAuthenticationApi.Controllers.AuthenticationController [(null)] -  Http Authentication request Initiated
2020-10-20 14:14:07,516 [25] INFO  JwtAuthenticationApi.Controllers.AuthenticationController [(null)] -  Http Authentication request Initiated
2020-10-20 14:15:27,709 [24] INFO  JwtAuthenticationApi.Controllers.AuthenticationController [(null)] -  Http Authentication request Initiated
